<?xml version="1.0" encoding="utf-8"?><testsuites><testsuite name="pytest" errors="0" failures="0" skipped="0" tests="39" time="0.229" timestamp="2026-02-04T06:52:14.300964-05:00" hostname="DESKTOP-U7U8OII"><testcase classname="tests.test_sanger_comprehensive.TestParseFactors" name="test_factors_decimal" time="0.001" /><testcase classname="tests.test_sanger_comprehensive.TestParseFactors" name="test_factors_empty_string" time="0.001" /><testcase classname="tests.test_sanger_comprehensive.TestParseFactors" name="test_factors_non_numeric" time="0.001" /><testcase classname="tests.test_sanger_comprehensive.TestParseFactors" name="test_factors_non_positive" time="0.001" /><testcase classname="tests.test_sanger_comprehensive.TestParseFactors" name="test_factors_too_few" time="0.001" /><testcase classname="tests.test_sanger_comprehensive.TestParseFactors" name="test_factors_too_many" time="0.001" /><testcase classname="tests.test_sanger_comprehensive.TestParseFactors" name="test_factors_with_whitespace" time="0.001" /><testcase classname="tests.test_sanger_comprehensive.TestParseFactors" name="test_valid_factors" time="0.001" /><testcase classname="tests.test_sanger_comprehensive.TestNormalizeSampleIds" name="test_empty_elements_rejected" time="0.001" /><testcase classname="tests.test_sanger_comprehensive.TestNormalizeSampleIds" name="test_empty_input_generates_defaults" time="0.001" /><testcase classname="tests.test_sanger_comprehensive.TestNormalizeSampleIds" name="test_long_ids_rejected" time="0.001" /><testcase classname="tests.test_sanger_comprehensive.TestNormalizeSampleIds" name="test_max_count_enforced" time="0.001" /><testcase classname="tests.test_sanger_comprehensive.TestNormalizeSampleIds" name="test_pad_with_defaults" time="0.001" /><testcase classname="tests.test_sanger_comprehensive.TestNormalizeSampleIds" name="test_valid_ids" time="0.001" /><testcase classname="tests.test_sanger_comprehensive.TestNormalizeSampleIds" name="test_whitespace_only_generates_defaults" time="0.001" /><testcase classname="tests.test_sanger_comprehensive.TestNormalizeSampleIds" name="test_whitespace_trimmed" time="0.001" /><testcase classname="tests.test_sanger_comprehensive.TestValidateBestDilution" name="test_invalid_dilution" time="0.001" /><testcase classname="tests.test_sanger_comprehensive.TestValidateBestDilution" name="test_valid_dilution" time="0.001" /><testcase classname="tests.test_sanger_comprehensive.TestParsePaiSequences" name="test_complex_sequences" time="0.001" /><testcase classname="tests.test_sanger_comprehensive.TestParsePaiSequences" name="test_empty_input" time="0.001" /><testcase classname="tests.test_sanger_comprehensive.TestParsePaiSequences" name="test_skip_invalid_lines" time="0.001" /><testcase classname="tests.test_sanger_comprehensive.TestParsePaiSequences" name="test_valid_sequences" time="0.001" /><testcase classname="tests.test_sanger_comprehensive.TestParsePaiSequences" name="test_whitespace_handling" time="0.001" /><testcase classname="tests.test_sanger_comprehensive.TestBuildPaiCsv" name="test_csv_escapes_special_chars" time="0.001" /><testcase classname="tests.test_sanger_comprehensive.TestBuildPaiCsv" name="test_csv_missing_concentration_raises" time="0.001" /><testcase classname="tests.test_sanger_comprehensive.TestBuildPaiCsv" name="test_csv_with_complete_data" time="0.001" /><testcase classname="tests.test_sanger_comprehensive.TestBuildPaiCsv" name="test_csv_without_dilution_selected" time="0.001" /><testcase classname="tests.test_sanger_comprehensive.TestSangerProtocol" name="test_invalid_best_dilution_raises" time="0.001" /><testcase classname="tests.test_sanger_comprehensive.TestSangerProtocol" name="test_protocol_validation_on_init" time="0.001" /><testcase classname="tests.test_sanger_comprehensive.TestSangerProtocol" name="test_to_dict_representation" time="0.001" /><testcase classname="tests.test_sanger_comprehensive.TestSangerSubmissionBuilder" name="test_build_sequence_map_from_manual" time="0.001" /><testcase classname="tests.test_sanger_comprehensive.TestSangerSubmissionBuilder" name="test_build_sequence_map_with_benchling_failure" time="0.001" /><testcase classname="tests.test_sanger_comprehensive.TestSangerSubmissionBuilder" name="test_build_sequence_map_with_mock_benchling" time="0.001" /><testcase classname="tests.test_sanger_comprehensive.TestSangerSubmissionBuilder" name="test_manual_sequences_override_benchling" time="0.001" /><testcase classname="tests.test_sanger_comprehensive.TestMaybePlaceOrder" name="test_order_disabled_when_env_not_set" time="0.001" /><testcase classname="tests.test_sanger_comprehensive.TestMaybePlaceOrder" name="test_order_submission_failure" time="0.001" /><testcase classname="tests.test_sanger_comprehensive.TestMaybePlaceOrder" name="test_order_submission_success" time="0.002" /><testcase classname="tests.test_sanger_comprehensive.TestSangerForm" name="test_base_volume_range" time="0.001" /><testcase classname="tests.test_sanger_comprehensive.TestSangerForm" name="test_valid_form_submission" time="0.001" /></testsuite></testsuites>